app/build/intermediates/manifest_merge_blame_file/debug/manifest-merger-blame-debug-report.txt
1<?xml version="1.0" encoding="utf-8"?>
2<manifest xmlns:android="http://schemas.android.com/apk/res/android"
3    package="com.eatingdiary.zwjnevw"
4    android:versionCode="1"
5    android:versionName="1.0" >
6
7    <uses-sdk
8        android:minSdkVersion="28"
8-->src/main/AndroidManifest.xml
9        android:targetSdkVersion="33" />
9-->src/main/AndroidManifest.xml
10
11    <uses-permission android:name="com.google.android.gms.permission.AD_ID" />
11-->src/main/AndroidManifest.xml:4:5-79
11-->src/main/AndroidManifest.xml:4:22-76
12    <uses-permission android:name="android.permission.ACCESS_NETWORK_STATE" />
12-->src/main/AndroidManifest.xml:5:5-79
12-->src/main/AndroidManifest.xml:5:22-76
13    <uses-permission android:name="android.permission.INTERNET" />
13-->src/main/AndroidManifest.xml:6:5-67
13-->src/main/AndroidManifest.xml:6:22-64
14
15    <queries>
15-->[com.android.car.ui:car-ui-lib:2.4.0] AndroidManifest.xml:23:5-34:15
16
17        <!-- Required for querying the IME service at runtime -->
18        <intent>
18-->[com.android.car.ui:car-ui-lib:2.4.0] AndroidManifest.xml:26:9-28:18
19            <action android:name="android.view.InputMethod" />
19-->[com.android.car.ui:car-ui-lib:2.4.0] AndroidManifest.xml:27:13-63
19-->[com.android.car.ui:car-ui-lib:2.4.0] AndroidManifest.xml:27:21-60
20        </intent>
21        <!-- Required for querying the plugin at runtime -->
22        <provider
22-->[com.android.car.ui:car-ui-lib:2.4.0] AndroidManifest.xml:30:9-33:67
23            android:name="com.android.car.ui.plugin.PluginNameProvider"
23-->[com.android.car.ui:car-ui-lib:2.4.0] AndroidManifest.xml:31:13-72
24            android:authorities="com.android.car.ui.plugin" />
24-->[com.android.car.ui:car-ui-lib:2.4.0] AndroidManifest.xml:32:13-60
25    </queries>
26
27    <permission
27-->[androidx.core:core:1.11.0-alpha01] AndroidManifest.xml:22:5-24:47
28        android:name="com.eatingdiary.zwjnevw.DYNAMIC_RECEIVER_NOT_EXPORTED_PERMISSION"
28-->[androidx.core:core:1.11.0-alpha01] AndroidManifest.xml:23:9-81
29        android:protectionLevel="signature" />
29-->[androidx.core:core:1.11.0-alpha01] AndroidManifest.xml:24:9-44
30
31    <uses-permission android:name="com.eatingdiary.zwjnevw.DYNAMIC_RECEIVER_NOT_EXPORTED_PERMISSION" />
31-->[androidx.core:core:1.11.0-alpha01] AndroidManifest.xml:26:5-97
31-->[androidx.core:core:1.11.0-alpha01] AndroidManifest.xml:26:22-94
32
33    <application
33-->src/main/AndroidManifest.xml:7:5-38:19
34        android:name="com.eatingdiary.zwjnevw.TrackItApplication"
34-->src/main/AndroidManifest.xml:8:9-43
35        android:allowBackup="true"
35-->src/main/AndroidManifest.xml:9:9-35
36        android:appComponentFactory="androidx.core.app.CoreComponentFactory"
36-->[androidx.core:core:1.11.0-alpha01] AndroidManifest.xml:28:18-86
37        android:dataExtractionRules="@xml/data_extraction_rules"
37-->src/main/AndroidManifest.xml:10:9-65
38        android:debuggable="true"
39        android:extractNativeLibs="false"
40        android:fullBackupContent="@xml/backup_rules"
40-->src/main/AndroidManifest.xml:11:9-54
41        android:icon="@mipmap/ic_icon_app"
41-->src/main/AndroidManifest.xml:12:9-43
42        android:label="@string/app_name"
42-->src/main/AndroidManifest.xml:13:9-41
43        android:supportsRtl="true"
43-->src/main/AndroidManifest.xml:14:9-35
44        android:testOnly="true"
45        android:theme="@style/Theme.TrackIt" >
45-->src/main/AndroidManifest.xml:15:9-45
46        <activity
46-->src/main/AndroidManifest.xml:17:9-22:57
47            android:name="com.eatingdiary.zwjnevw.activity.WelcomeActivity"
47-->src/main/AndroidManifest.xml:18:13-53
48            android:configChanges="orientation|keyboardHidden|screenSize"
48-->src/main/AndroidManifest.xml:19:13-74
49            android:exported="true"
49-->src/main/AndroidManifest.xml:20:13-36
50            android:label="WelcomeScreen"
50-->src/main/AndroidManifest.xml:21:13-42
51            android:theme="@style/Theme.SplashScreen" />
51-->src/main/AndroidManifest.xml:22:13-54
52        <activity
52-->src/main/AndroidManifest.xml:23:9-32:20
53            android:name="com.eatingdiary.zwjnevw.activity.LoadActivity"
53-->src/main/AndroidManifest.xml:24:13-50
54            android:exported="true"
54-->src/main/AndroidManifest.xml:25:13-36
55            android:theme="@style/Theme.SplashScreen" >
55-->src/main/AndroidManifest.xml:26:13-54
56            <intent-filter>
56-->src/main/AndroidManifest.xml:27:13-31:29
57                <action android:name="android.intent.action.MAIN" />
57-->src/main/AndroidManifest.xml:28:17-69
57-->src/main/AndroidManifest.xml:28:25-66
58
59                <category android:name="android.intent.category.LAUNCHER" />
59-->src/main/AndroidManifest.xml:30:17-77
59-->src/main/AndroidManifest.xml:30:27-74
60            </intent-filter>
61        </activity>
62        <activity
62-->src/main/AndroidManifest.xml:33:9-37:52
63            android:name="com.eatingdiary.zwjnevw.activity.MainActivity"
63-->src/main/AndroidManifest.xml:34:13-50
64            android:exported="true"
64-->src/main/AndroidManifest.xml:35:13-36
65            android:label="TrackIt"
65-->src/main/AndroidManifest.xml:36:13-36
66            android:theme="@style/Theme.TrackIt" />
66-->src/main/AndroidManifest.xml:37:13-49
67
68        <provider
68-->[com.android.car.ui:car-ui-lib:2.4.0] AndroidManifest.xml:37:9-42:71
69            android:name="com.android.car.ui.core.CarUiInstaller"
69-->[com.android.car.ui:car-ui-lib:2.4.0] AndroidManifest.xml:38:13-66
70            android:authorities="com.eatingdiary.zwjnevw.CarUiInstaller"
70-->[com.android.car.ui:car-ui-lib:2.4.0] AndroidManifest.xml:39:13-66
71            android:directBootAware="true"
71-->[com.android.car.ui:car-ui-lib:2.4.0] AndroidManifest.xml:40:13-43
72            android:exported="false"
72-->[com.android.car.ui:car-ui-lib:2.4.0] AndroidManifest.xml:41:13-37
73            android:process="@string/car_ui_installer_process_name" />
73-->[com.android.car.ui:car-ui-lib:2.4.0] AndroidManifest.xml:42:13-68
74        <provider
74-->[com.android.car.ui:car-ui-lib:2.4.0] AndroidManifest.xml:43:9-48:79
75            android:name="com.android.car.ui.core.SearchResultsProvider"
75-->[com.android.car.ui:car-ui-lib:2.4.0] AndroidManifest.xml:44:13-73
76            android:authorities="com.eatingdiary.zwjnevw.SearchResultsProvider"
76-->[com.android.car.ui:car-ui-lib:2.4.0] AndroidManifest.xml:45:13-73
77            android:exported="true"
77-->[com.android.car.ui:car-ui-lib:2.4.0] AndroidManifest.xml:46:13-36
78            android:process="@string/car_ui_installer_process_name"
78-->[com.android.car.ui:car-ui-lib:2.4.0] AndroidManifest.xml:47:13-68
79            android:readPermission="com.android.car.ui.READ_SEARCH_RESULTS" />
79-->[com.android.car.ui:car-ui-lib:2.4.0] AndroidManifest.xml:48:13-76
80
81        <activity
81-->[androidx.compose.ui:ui-test-manifest:1.5.0-alpha01] AndroidManifest.xml:23:9-25:39
82            android:name="androidx.activity.ComponentActivity"
82-->[androidx.compose.ui:ui-test-manifest:1.5.0-alpha01] AndroidManifest.xml:24:13-63
83            android:exported="true" />
83-->[androidx.compose.ui:ui-test-manifest:1.5.0-alpha01] AndroidManifest.xml:25:13-36
84
85        <provider
85-->[androidx.emoji2:emoji2:1.4.0-alpha01] AndroidManifest.xml:24:9-32:20
86            android:name="androidx.startup.InitializationProvider"
86-->[androidx.emoji2:emoji2:1.4.0-alpha01] AndroidManifest.xml:25:13-67
87            android:authorities="com.eatingdiary.zwjnevw.androidx-startup"
87-->[androidx.emoji2:emoji2:1.4.0-alpha01] AndroidManifest.xml:26:13-68
88            android:exported="false" >
88-->[androidx.emoji2:emoji2:1.4.0-alpha01] AndroidManifest.xml:27:13-37
89            <meta-data
89-->[androidx.emoji2:emoji2:1.4.0-alpha01] AndroidManifest.xml:29:13-31:52
90                android:name="androidx.emoji2.text.EmojiCompatInitializer"
90-->[androidx.emoji2:emoji2:1.4.0-alpha01] AndroidManifest.xml:30:17-75
91                android:value="androidx.startup" />
91-->[androidx.emoji2:emoji2:1.4.0-alpha01] AndroidManifest.xml:31:17-49
92            <meta-data
92-->[androidx.lifecycle:lifecycle-process:2.6.1] AndroidManifest.xml:29:13-31:52
93                android:name="androidx.lifecycle.ProcessLifecycleInitializer"
93-->[androidx.lifecycle:lifecycle-process:2.6.1] AndroidManifest.xml:30:17-78
94                android:value="androidx.startup" />
94-->[androidx.lifecycle:lifecycle-process:2.6.1] AndroidManifest.xml:31:17-49
95            <meta-data
95-->[androidx.profileinstaller:profileinstaller:1.3.0] AndroidManifest.xml:29:13-31:52
96                android:name="androidx.profileinstaller.ProfileInstallerInitializer"
96-->[androidx.profileinstaller:profileinstaller:1.3.0] AndroidManifest.xml:30:17-85
97                android:value="androidx.startup" />
97-->[androidx.profileinstaller:profileinstaller:1.3.0] AndroidManifest.xml:31:17-49
98        </provider>
99
100        <activity
100-->[androidx.compose.ui:ui-tooling:1.5.0-alpha01] AndroidManifest.xml:23:9-25:39
101            android:name="androidx.compose.ui.tooling.PreviewActivity"
101-->[androidx.compose.ui:ui-tooling:1.5.0-alpha01] AndroidManifest.xml:24:13-71
102            android:exported="true" />
102-->[androidx.compose.ui:ui-tooling:1.5.0-alpha01] AndroidManifest.xml:25:13-36
103
104        <service
104-->[androidx.room:room-runtime:2.5.1] AndroidManifest.xml:24:9-28:63
105            android:name="androidx.room.MultiInstanceInvalidationService"
105-->[androidx.room:room-runtime:2.5.1] AndroidManifest.xml:25:13-74
106            android:directBootAware="true"
106-->[androidx.room:room-runtime:2.5.1] AndroidManifest.xml:26:13-43
107            android:exported="false" />
107-->[androidx.room:room-runtime:2.5.1] AndroidManifest.xml:27:13-37
108
109        <receiver
109-->[androidx.profileinstaller:profileinstaller:1.3.0] AndroidManifest.xml:34:9-52:20
110            android:name="androidx.profileinstaller.ProfileInstallReceiver"
110-->[androidx.profileinstaller:profileinstaller:1.3.0] AndroidManifest.xml:35:13-76
111            android:directBootAware="false"
111-->[androidx.profileinstaller:profileinstaller:1.3.0] AndroidManifest.xml:36:13-44
112            android:enabled="true"
112-->[androidx.profileinstaller:profileinstaller:1.3.0] AndroidManifest.xml:37:13-35
113            android:exported="true"
113-->[androidx.profileinstaller:profileinstaller:1.3.0] AndroidManifest.xml:38:13-36
114            android:permission="android.permission.DUMP" >
114-->[androidx.profileinstaller:profileinstaller:1.3.0] AndroidManifest.xml:39:13-57
115            <intent-filter>
115-->[androidx.profileinstaller:profileinstaller:1.3.0] AndroidManifest.xml:40:13-42:29
116                <action android:name="androidx.profileinstaller.action.INSTALL_PROFILE" />
116-->[androidx.profileinstaller:profileinstaller:1.3.0] AndroidManifest.xml:41:17-91
116-->[androidx.profileinstaller:profileinstaller:1.3.0] AndroidManifest.xml:41:25-88
117            </intent-filter>
118            <intent-filter>
118-->[androidx.profileinstaller:profileinstaller:1.3.0] AndroidManifest.xml:43:13-45:29
119                <action android:name="androidx.profileinstaller.action.SKIP_FILE" />
119-->[androidx.profileinstaller:profileinstaller:1.3.0] AndroidManifest.xml:44:17-85
119-->[androidx.profileinstaller:profileinstaller:1.3.0] AndroidManifest.xml:44:25-82
120            </intent-filter>
121            <intent-filter>
121-->[androidx.profileinstaller:profileinstaller:1.3.0] AndroidManifest.xml:46:13-48:29
122                <action android:name="androidx.profileinstaller.action.SAVE_PROFILE" />
122-->[androidx.profileinstaller:profileinstaller:1.3.0] AndroidManifest.xml:47:17-88
122-->[androidx.profileinstaller:profileinstaller:1.3.0] AndroidManifest.xml:47:25-85
123            </intent-filter>
124            <intent-filter>
124-->[androidx.profileinstaller:profileinstaller:1.3.0] AndroidManifest.xml:49:13-51:29
125                <action android:name="androidx.profileinstaller.action.BENCHMARK_OPERATION" />
125-->[androidx.profileinstaller:profileinstaller:1.3.0] AndroidManifest.xml:50:17-95
125-->[androidx.profileinstaller:profileinstaller:1.3.0] AndroidManifest.xml:50:25-92
126            </intent-filter>
127        </receiver>
128    </application>
129
130</manifest>